0 info it worked if it ends with ok
1 verbose cli [ 'node', '/usr/local/bin/npm', 'run', 'tsc' ]
2 info using npm@3.5.2
3 info using node@v0.10.28
4 verbose run-script [ 'pretsc', 'tsc', 'posttsc' ]
5 info lifecycle angular2-tour-of-heroes@1.0.0~pretsc: angular2-tour-of-heroes@1.0.0
6 silly lifecycle angular2-tour-of-heroes@1.0.0~pretsc: no script for pretsc, continuing
7 info lifecycle angular2-tour-of-heroes@1.0.0~tsc: angular2-tour-of-heroes@1.0.0
8 verbose lifecycle angular2-tour-of-heroes@1.0.0~tsc: unsafe-perm in lifecycle true
9 verbose lifecycle angular2-tour-of-heroes@1.0.0~tsc: PATH: /usr/local/lib/node_modules/npm/bin/node-gyp-bin:/Users/roca/AngularJS/angulario/angular2-tour-of-heroes/node_modules/.bin:/Users/roca/.rvm/gems/ruby-2.1.2/bin:/Users/roca/.rvm/gems/ruby-2.1.2@global/bin:/Users/roca/.rvm/rubies/ruby-2.1.2/bin:/usr/local/Cellar/go/current/bin:/Applications/play-2.1.0:/Applications/play-2.1.0:/Applications/eclipse/Eclipse.app/Contents/MacOS:/Users/roca/bin:/usr/local/bin:/usr/local/Cellar/smlnj/110.74/libexec/bin:/opt/local/bin:/opt/local/sbin:/usr/local/mysql:/usr/local/mysql/bin:/usr/bin:/bin:/usr/sbin:/sbin:/usr/local/bin:/usr/local/git/bin:/usr/local/go/bin:/usr/X11/bin:/Users/roca/.rvm/bin
10 verbose lifecycle angular2-tour-of-heroes@1.0.0~tsc: CWD: /Users/roca/AngularJS/angulario/angular2-tour-of-heroes
11 silly lifecycle angular2-tour-of-heroes@1.0.0~tsc: Args: [ '-c', 'tsc -p src -w' ]
12 silly lifecycle angular2-tour-of-heroes@1.0.0~tsc: Returned: code: 8  signal: null
13 info lifecycle angular2-tour-of-heroes@1.0.0~tsc: Failed to exec tsc script
14 verbose stack Error: angular2-tour-of-heroes@1.0.0 tsc: `tsc -p src -w`
14 verbose stack Exit status 8
14 verbose stack     at EventEmitter.<anonymous> (/usr/local/lib/node_modules/npm/lib/utils/lifecycle.js:232:16)
14 verbose stack     at EventEmitter.emit (events.js:98:17)
14 verbose stack     at ChildProcess.<anonymous> (/usr/local/lib/node_modules/npm/lib/utils/spawn.js:24:14)
14 verbose stack     at ChildProcess.EventEmitter.emit (events.js:98:17)
14 verbose stack     at maybeClose (child_process.js:753:16)
14 verbose stack     at Process.ChildProcess._handle.onexit (child_process.js:820:5)
15 verbose pkgid angular2-tour-of-heroes@1.0.0
16 verbose cwd /Users/roca/AngularJS/angulario/angular2-tour-of-heroes/src/app
17 error Darwin 10.8.0
18 error argv "node" "/usr/local/bin/npm" "run" "tsc"
19 error node v0.10.28
20 error npm  v3.5.2
21 error code ELIFECYCLE
22 error angular2-tour-of-heroes@1.0.0 tsc: `tsc -p src -w`
22 error Exit status 8
23 error Failed at the angular2-tour-of-heroes@1.0.0 tsc script 'tsc -p src -w'.
23 error Make sure you have the latest version of node.js and npm installed.
23 error If you do, this is most likely a problem with the angular2-tour-of-heroes package,
23 error not with npm itself.
23 error Tell the author that this fails on your system:
23 error     tsc -p src -w
23 error You can get information on how to open an issue for this project with:
23 error     npm bugs angular2-tour-of-heroes
23 error Or if that isn't available, you can get their info via:
23 error     npm owner ls angular2-tour-of-heroes
23 error There is likely additional logging output above.
24 verbose exit [ 1, true ]
